0 info it worked if it ends with ok
1 verbose cli [ '/usr/bin/nodejs', '/usr/bin/npm', 'start' ]
2 info using npm@3.7.2
3 info using node@v4.3.1
4 verbose run-script [ 'prestart', 'start', 'poststart' ]
5 info lifecycle node-server@0.0.0~prestart: node-server@0.0.0
6 silly lifecycle node-server@0.0.0~prestart: no script for prestart, continuing
7 info lifecycle node-server@0.0.0~start: node-server@0.0.0
8 verbose lifecycle node-server@0.0.0~start: unsafe-perm in lifecycle true
9 verbose lifecycle node-server@0.0.0~start: PATH: /usr/lib/node_modules/npm/bin/node-gyp-bin:/home/sohail/node-server/node_modules/.bin:/usr/bin:/home/sohail/.rbenv/plugins/ruby-build/bin:/home/sohail/.rbenv/shims:/home/sohail/.rbenv/bin:/usr/local/sbin:/usr/local/bin:/usr/sbin:/usr/bin:/sbin:/bin:/usr/games:/usr/local/games:/home/sohail/PredictionIO/bin:/home/sohail/PredictionIO/bin:/home/sohail/hadoop-2.6.0/bin:/home/sohail/hadoop-2.6.0/sbin:/home/sohail/pig-0.15.0/bin
10 verbose lifecycle node-server@0.0.0~start: CWD: /home/sohail/node-server
11 silly lifecycle node-server@0.0.0~start: Args: [ '-c', 'node ./bin/www' ]
12 silly lifecycle node-server@0.0.0~start: Returned: code: 1  signal: null
13 info lifecycle node-server@0.0.0~start: Failed to exec start script
14 verbose stack Error: node-server@0.0.0 start: `node ./bin/www`
14 verbose stack Exit status 1
14 verbose stack     at EventEmitter.<anonymous> (/usr/lib/node_modules/npm/lib/utils/lifecycle.js:239:16)
14 verbose stack     at emitTwo (events.js:87:13)
14 verbose stack     at EventEmitter.emit (events.js:172:7)
14 verbose stack     at ChildProcess.<anonymous> (/usr/lib/node_modules/npm/lib/utils/spawn.js:24:14)
14 verbose stack     at emitTwo (events.js:87:13)
14 verbose stack     at ChildProcess.emit (events.js:172:7)
14 verbose stack     at maybeClose (internal/child_process.js:821:16)
14 verbose stack     at Process.ChildProcess._handle.onexit (internal/child_process.js:211:5)
15 verbose pkgid node-server@0.0.0
16 verbose cwd /home/sohail/node-server
17 error Linux 3.19.0-25-generic
18 error argv "/usr/bin/nodejs" "/usr/bin/npm" "start"
19 error node v4.3.1
20 error npm  v3.7.2
21 error code ELIFECYCLE
22 error node-server@0.0.0 start: `node ./bin/www`
22 error Exit status 1
23 error Failed at the node-server@0.0.0 start script 'node ./bin/www'.
23 error Make sure you have the latest version of node.js and npm installed.
23 error If you do, this is most likely a problem with the node-server package,
23 error not with npm itself.
23 error Tell the author that this fails on your system:
23 error     node ./bin/www
23 error You can get information on how to open an issue for this project with:
23 error     npm bugs node-server
23 error Or if that isn't available, you can get their info via:
23 error     npm owner ls node-server
23 error There is likely additional logging output above.
24 verbose exit [ 1, true ]
